<?xml version="1.0" encoding="UTF-8"?>
<testsuite xmlns:xsi="http://www.w3.org/2001/XMLSchema-instance" xsi:noNamespaceSchemaLocation="https://maven.apache.org/surefire/maven-surefire-plugin/xsd/surefire-test-report-3.0.xsd" version="3.0" name="com.taskmanager.controller.TaskControllerTest" time="6.714" tests="9" errors="0" skipped="0" failures="0">
  <properties>
[...]
</properties>
  <testcase name="deleteTask_ShouldReturnNoContent" classname="com.taskmanager.controller.TaskControllerTest" time="0.131">
    <system-out><![CDATA[00:39:33.461 [main] DEBUG org.springframework.test.context.BootstrapUtils - Instantiating CacheAwareContextLoaderDelegate from class [org.springframework.test.context.cache.DefaultCacheAwareContextLoaderDelegate]
00:39:33.475 [main] DEBUG org.springframework.test.context.BootstrapUtils - Instantiating BootstrapContext using constructor [public org.springframework.test.context.support.DefaultBootstrapContext(java.lang.Class,org.springframework.test.context.CacheAwareContextLoaderDelegate)]
00:39:33.530 [main] DEBUG org.springframework.test.context.BootstrapUtils - Instantiating TestContextBootstrapper for test class [com.taskmanager.controller.TaskControllerTest] from class [org.springframework.boot.test.context.SpringBootTestContextBootstrapper]
00:39:33.544 [main] INFO org.springframework.boot.test.context.SpringBootTestContextBootstrapper - Neither @ContextConfiguration nor @ContextHierarchy found for test class [com.taskmanager.controller.TaskControllerTest], using SpringBootContextLoader
00:39:33.549 [main] DEBUG org.springframework.test.context.support.AbstractContextLoader - Did not detect default resource location for test class [com.taskmanager.controller.TaskControllerTest]: class path resource [com/taskmanager/controller/TaskControllerTest-context.xml] does not exist
00:39:33.550 [main] DEBUG org.springframework.test.context.support.AbstractContextLoader - Did not detect default resource location for test class [com.taskmanager.controller.TaskControllerTest]: class path resource [com/taskmanager/controller/TaskControllerTestContext.groovy] does not exist
00:39:33.550 [main] INFO org.springframework.test.context.support.AbstractContextLoader - Could not detect default resource locations for test class [com.taskmanager.controller.TaskControllerTest]: no resource found for suffixes {-context.xml, Context.groovy}.
00:39:33.551 [main] INFO org.springframework.test.context.support.AnnotationConfigContextLoaderUtils - Could not detect default configuration classes for test class [com.taskmanager.controller.TaskControllerTest]: TaskControllerTest does not declare any static, non-private, non-final, nested classes annotated with @Configuration.
00:39:33.626 [main] DEBUG org.springframework.test.context.support.ActiveProfilesUtils - Could not find an 'annotation declaring class' for annotation type [org.springframework.test.context.ActiveProfiles] and class [com.taskmanager.controller.TaskControllerTest]
00:39:33.720 [main] DEBUG org.springframework.context.annotation.ClassPathScanningCandidateComponentProvider - Identified candidate component class: file [/home/nitesh/22BLC1051/target/classes/com/taskmanager/TaskManagerApplication.class]
00:39:33.721 [main] INFO org.springframework.boot.test.context.SpringBootTestContextBootstrapper - Found @SpringBootConfiguration com.taskmanager.TaskManagerApplication for test class com.taskmanager.controller.TaskControllerTest
00:39:33.834 [main] DEBUG org.springframework.boot.test.context.SpringBootTestContextBootstrapper - @TestExecutionListeners is not present for class [com.taskmanager.controller.TaskControllerTest]: using defaults.
00:39:33.835 [main] INFO org.springframework.boot.test.context.SpringBootTestContextBootstrapper - Loaded default TestExecutionListener class names from location [META-INF/spring.factories]: [org.springframework.boot.test.mock.mockito.MockitoTestExecutionListener, org.springframework.boot.test.mock.mockito.ResetMocksTestExecutionListener, org.springframework.boot.test.autoconfigure.restdocs.RestDocsTestExecutionListener, org.springframework.boot.test.autoconfigure.web.client.MockRestServiceServerResetTestExecutionListener, org.springframework.boot.test.autoconfigure.web.servlet.MockMvcPrintOnlyOnFailureTestExecutionListener, org.springframework.boot.test.autoconfigure.web.servlet.WebDriverTestExecutionListener, org.springframework.boot.test.autoconfigure.webservices.client.MockWebServiceServerTestExecutionListener, org.springframework.test.context.web.ServletTestExecutionListener, org.springframework.test.context.support.DirtiesContextBeforeModesTestExecutionListener, org.springframework.test.context.event.ApplicationEventsTestExecutionListener, org.springframework.test.context.support.DependencyInjectionTestExecutionListener, org.springframework.test.context.support.DirtiesContextTestExecutionListener, org.springframework.test.context.transaction.TransactionalTestExecutionListener, org.springframework.test.context.jdbc.SqlScriptsTestExecutionListener, org.springframework.test.context.event.EventPublishingTestExecutionListener]
00:39:33.856 [main] INFO org.springframework.boot.test.context.SpringBootTestContextBootstrapper - Using TestExecutionListeners: [org.springframework.test.context.web.ServletTestExecutionListener@6a094db2, org.springframework.test.context.support.DirtiesContextBeforeModesTestExecutionListener@65bdd558, org.springframework.test.context.event.ApplicationEventsTestExecutionListener@1dba4e06, org.springframework.boot.test.mock.mockito.MockitoTestExecutionListener@4beaf6bd, org.springframework.boot.test.autoconfigure.SpringBootDependencyInjectionTestExecutionListener@6b2e46af, org.springframework.test.context.support.DirtiesContextTestExecutionListener@60325987, org.springframework.test.context.transaction.TransactionalTestExecutionListener@2f37f1f9, org.springframework.test.context.jdbc.SqlScriptsTestExecutionListener@3374b5bc, org.springframework.test.context.event.EventPublishingTestExecutionListener@2af69643, org.springframework.boot.test.mock.mockito.ResetMocksTestExecutionListener@587a1cfb, org.springframework.boot.test.autoconfigure.restdocs.RestDocsTestExecutionListener@48528634, org.springframework.boot.test.autoconfigure.web.client.MockRestServiceServerResetTestExecutionListener@5e1d03d7, org.springframework.boot.test.autoconfigure.web.servlet.MockMvcPrintOnlyOnFailureTestExecutionListener@4047d2d9, org.springframework.boot.test.autoconfigure.web.servlet.WebDriverTestExecutionListener@48d293ee, org.springframework.boot.test.autoconfigure.webservices.client.MockWebServiceServerTestExecutionListener@146dcfe6]
00:39:33.861 [main] DEBUG org.springframework.test.context.support.AbstractDirtiesContextTestExecutionListener - Before test class: context [DefaultTestContext@6d1dcdff testClass = TaskControllerTest, testInstance = [null], testMethod = [null], testException = [null], mergedContextConfiguration = [WebMergedContextConfiguration@102ecc22 testClass = TaskControllerTest, locations = '{}', classes = '{class com.taskmanager.TaskManagerApplication}', contextInitializerClasses = '[]', activeProfiles = '{}', propertySourceLocations = '{}', propertySourceProperties = '{org.springframework.boot.test.context.SpringBootTestContextBootstrapper=true}', contextCustomizers = set[[ImportsContextCustomizer@7ff35a3f key = [org.springframework.boot.test.autoconfigure.web.servlet.MockMvcAutoConfiguration, org.springframework.boot.test.autoconfigure.web.servlet.MockMvcWebClientAutoConfiguration, org.springframework.boot.test.autoconfigure.web.servlet.MockMvcWebDriverAutoConfiguration, org.springframework.boot.autoconfigure.security.oauth2.client.servlet.OAuth2ClientAutoConfiguration, org.springframework.boot.autoconfigure.security.oauth2.resource.servlet.OAuth2ResourceServerAutoConfiguration, org.springframework.boot.autoconfigure.security.servlet.SecurityAutoConfiguration, org.springframework.boot.autoconfigure.security.servlet.SecurityFilterAutoConfiguration, org.springframework.boot.autoconfigure.security.servlet.UserDetailsServiceAutoConfiguration, org.springframework.boot.test.autoconfigure.web.servlet.MockMvcSecurityConfiguration, org.springframework.boot.test.autoconfigure.web.reactive.WebTestClientAutoConfiguration]], org.springframework.boot.test.context.filter.ExcludeFilterContextCustomizer@62a8fd44, org.springframework.boot.test.json.DuplicateJsonObjectContextCustomizerFactory$DuplicateJsonObjectContextCustomizer@6b9c69a9, org.springframework.boot.test.mock.mockito.MockitoContextCustomizer@cd91b6a0, org.springframework.boot.test.web.client.TestRestTemplateContextCustomizer@23eee4b8, org.springframework.boot.test.autoconfigure.actuate.metrics.MetricsExportContextCustomizerFactory$DisableMetricExportContextCustomizer@9f6e406, org.springframework.boot.test.autoconfigure.properties.PropertyMappingContextCustomizer@4b3fa0b3, org.springframework.boot.test.autoconfigure.web.servlet.WebDriverContextCustomizerFactory$Customizer@3aefae67, org.springframework.boot.test.context.SpringBootTestArgs@1, org.springframework.boot.test.context.SpringBootTestWebEnvironment@17f62e33], resourceBasePath = 'src/main/webapp', contextLoader = 'org.springframework.boot.test.context.SpringBootContextLoader', parent = [null]], attributes = map['org.springframework.test.context.web.ServletTestExecutionListener.activateListener' -> true]], class annotated with @DirtiesContext [false] with mode [null].

  .   ____          _            __ _ _
 /\\ / ___'_ __ _ _(_)_ __  __ _ \ \ \ \
( ( )\___ | '_ | '_| | '_ \/ _` | \ \ \ \
 \\/  ___)| |_)| | | | | || (_| |  ) ) ) )
  '  |____| .__|_| |_|_| |_\__, | / / / /
 =========|_|==============|___/=/_/_/_/
 :: Spring Boot ::                (v2.7.0)

2025-07-07 00:39:34.279  INFO 151918 --- [           main] c.t.controller.TaskControllerTest        : Starting TaskControllerTest using Java 17.0.15 on debian with PID 151918 (started by nitesh in /home/nitesh/22BLC1051)
2025-07-07 00:39:34.280  INFO 151918 --- [           main] c.t.controller.TaskControllerTest        : No active profile set, falling back to 1 default profile: "default"
2025-07-07 00:39:34.307 DEBUG 151918 --- [           main] o.s.w.c.s.GenericWebApplicationContext   : Refreshing org.springframework.web.context.support.GenericWebApplicationContext@5232e3f1
2025-07-07 00:39:35.390  INFO 151918 --- [           main] .s.d.r.c.RepositoryConfigurationDelegate : Bootstrapping Spring Data JPA repositories in DEFAULT mode.
2025-07-07 00:39:35.433  INFO 151918 --- [           main] .s.d.r.c.RepositoryConfigurationDelegate : Finished Spring Data repository scanning in 35 ms. Found 1 JPA repository interfaces.
2025-07-07 00:39:36.587  INFO 151918 --- [           main] o.hibernate.jpa.internal.util.LogHelper  : HHH000204: Processing PersistenceUnitInfo [name: default]
2025-07-07 00:39:36.644  INFO 151918 --- [           main] org.hibernate.Version                    : HHH000412: Hibernate ORM core version 5.6.9.Final
2025-07-07 00:39:36.683  INFO 151918 --- [           main] o.hibernate.annotations.common.Version   : HCANN000001: Hibernate Commons Annotations {5.1.2.Final}
2025-07-07 00:39:36.842  INFO 151918 --- [           main] com.zaxxer.hikari.HikariDataSource       : HikariPool-1 - Starting...
2025-07-07 00:39:37.176  INFO 151918 --- [           main] com.zaxxer.hikari.HikariDataSource       : HikariPool-1 - Start completed.
2025-07-07 00:39:37.202  INFO 151918 --- [           main] org.hibernate.dialect.Dialect            : HHH000400: Using dialect: org.hibernate.dialect.H2Dialect
2025-07-07 00:39:37.687 DEBUG 151918 --- [           main] org.hibernate.SQL                        : drop table if exists tasks CASCADE 
Hibernate: drop table if exists tasks CASCADE 
2025-07-07 00:39:37.695 DEBUG 151918 --- [           main] org.hibernate.SQL                        : create table tasks (id bigint generated by default as identity, assigned_to varchar(255), created_at timestamp not null, description varchar(500), due_date timestamp, priority varchar(255) not null, status varchar(255) not null, title varchar(255) not null, updated_at timestamp not null, primary key (id))
Hibernate: create table tasks (id bigint generated by default as identity, assigned_to varchar(255), created_at timestamp not null, description varchar(500), due_date timestamp, priority varchar(255) not null, status varchar(255) not null, title varchar(255) not null, updated_at timestamp not null, primary key (id))
2025-07-07 00:39:37.705  INFO 151918 --- [           main] o.h.e.t.j.p.i.JtaPlatformInitiator       : HHH000490: Using JtaPlatform implementation: [org.hibernate.engine.transaction.jta.platform.internal.NoJtaPlatform]
2025-07-07 00:39:37.712  INFO 151918 --- [           main] j.LocalContainerEntityManagerFactoryBean : Initialized JPA EntityManagerFactory for persistence unit 'default'
2025-07-07 00:39:38.218  WARN 151918 --- [           main] JpaBaseConfiguration$JpaWebConfiguration : spring.jpa.open-in-view is enabled by default. Therefore, database queries may be performed during view rendering. Explicitly configure spring.jpa.open-in-view to disable this warning
2025-07-07 00:39:38.460 DEBUG 151918 --- [           main] s.w.s.m.m.a.RequestMappingHandlerAdapter : ControllerAdvice beans: 0 @ModelAttribute, 0 @InitBinder, 1 RequestBodyAdvice, 1 ResponseBodyAdvice
2025-07-07 00:39:38.498  INFO 151918 --- [           main] o.s.b.a.h2.H2ConsoleAutoConfiguration    : H2 console available at '/h2-console'. Database available at 'jdbc:h2:mem:taskdb'
2025-07-07 00:39:38.572 DEBUG 151918 --- [           main] s.w.s.m.m.a.RequestMappingHandlerMapping : 17 mappings in 'requestMappingHandlerMapping'
2025-07-07 00:39:38.605 DEBUG 151918 --- [           main] o.s.w.s.handler.SimpleUrlHandlerMapping  : Patterns [/webjars/**, /**] in 'resourceHandlerMapping'
2025-07-07 00:39:38.618 DEBUG 151918 --- [           main] .m.m.a.ExceptionHandlerExceptionResolver : ControllerAdvice beans: 0 @ExceptionHandler, 1 ResponseBodyAdvice
2025-07-07 00:39:39.459  INFO 151918 --- [           main] o.s.b.t.m.w.SpringBootMockServletContext : Initializing Spring TestDispatcherServlet ''
2025-07-07 00:39:39.459  INFO 151918 --- [           main] o.s.t.web.servlet.TestDispatcherServlet  : Initializing Servlet ''
2025-07-07 00:39:39.468  INFO 151918 --- [           main] o.s.b.a.e.web.EndpointLinksResolver      : Exposing 9 endpoint(s) beneath base path '/actuator'
2025-07-07 00:39:39.488  INFO 151918 --- [           main] o.s.t.web.servlet.TestDispatcherServlet  : Completed initialization in 28 ms
2025-07-07 00:39:39.524  INFO 151918 --- [           main] c.t.controller.TaskControllerTest        : Started TaskControllerTest in 5.62 seconds (JVM running for 7.017)
2025-07-07 00:39:39.638 DEBUG 151918 --- [           main] s.w.s.m.m.a.RequestMappingHandlerMapping : Mapped to com.taskmanager.controller.TaskController#deleteTask(Long)
2025-07-07 00:39:39.657  INFO 151918 --- [           main] c.taskmanager.controller.TaskController  : Received request to delete task with ID: 1
2025-07-07 00:39:39.685 DEBUG 151918 --- [           main] o.s.w.s.m.m.a.HttpEntityMethodProcessor  : Using 'application/json', given [*/*] and supported [application/json, application/*+json, application/json, application/*+json]
2025-07-07 00:39:39.686 DEBUG 151918 --- [           main] o.s.w.s.m.m.a.HttpEntityMethodProcessor  : Nothing to write: null body
]]></system-out>
  </testcase>
  <testcase name="getTasksByStatus_ShouldReturnFilteredTasks" classname="com.taskmanager.controller.TaskControllerTest" time="0.109">
    <system-out><![CDATA[2025-07-07 00:39:39.719 DEBUG 151918 --- [           main] s.w.s.m.m.a.RequestMappingHandlerMapping : Mapped to com.taskmanager.controller.TaskController#getTasksByStatus(TaskStatus)
2025-07-07 00:39:39.721  INFO 151918 --- [           main] c.taskmanager.controller.TaskController  : Received request to get tasks with status: Pending
2025-07-07 00:39:39.727 DEBUG 151918 --- [           main] o.s.w.s.m.m.a.HttpEntityMethodProcessor  : Using 'application/json', given [*/*] and supported [application/json, application/*+json, application/json, application/*+json]
2025-07-07 00:39:39.735 DEBUG 151918 --- [           main] o.s.w.s.m.m.a.HttpEntityMethodProcessor  : Writing [[Task{id=1, title='Test Task', description='Test Description', status=Pending, priority=Medium, crea (truncated)...]
]]></system-out>
  </testcase>
  <testcase name="markTaskAsCompleted_ShouldReturnCompletedTask" classname="com.taskmanager.controller.TaskControllerTest" time="0.013">
    <system-out><![CDATA[2025-07-07 00:39:39.824 DEBUG 151918 --- [           main] s.w.s.m.m.a.RequestMappingHandlerMapping : Mapped to com.taskmanager.controller.TaskController#markTaskAsCompleted(Long)
2025-07-07 00:39:39.825  INFO 151918 --- [           main] c.taskmanager.controller.TaskController  : Received request to mark task as completed: 1
2025-07-07 00:39:39.828 DEBUG 151918 --- [           main] o.s.w.s.m.m.a.HttpEntityMethodProcessor  : Using 'application/json', given [*/*] and supported [application/json, application/*+json, application/json, application/*+json]
2025-07-07 00:39:39.828 DEBUG 151918 --- [           main] o.s.w.s.m.m.a.HttpEntityMethodProcessor  : Writing [Task{id=1, title='Test Task', description='Test Description', status=Completed, priority=Medium, cre (truncated)...]
]]></system-out>
  </testcase>
  <testcase name="healthCheck_ShouldReturnOk" classname="com.taskmanager.controller.TaskControllerTest" time="0.042">
    <system-out><![CDATA[2025-07-07 00:39:39.839 DEBUG 151918 --- [           main] s.w.s.m.m.a.RequestMappingHandlerMapping : Mapped to com.taskmanager.controller.TaskController#health()
2025-07-07 00:39:39.841 DEBUG 151918 --- [           main] o.s.w.s.m.m.a.HttpEntityMethodProcessor  : Using 'text/plain', given [*/*] and supported [text/plain, */*, text/plain, */*, application/json, application/*+json, application/json, application/*+json]
2025-07-07 00:39:39.841 DEBUG 151918 --- [           main] o.s.w.s.m.m.a.HttpEntityMethodProcessor  : Writing ["Task Management API is running!"]
]]></system-out>
  </testcase>
  <testcase name="getTaskById_ShouldReturnNotFound_WhenNotExists" classname="com.taskmanager.controller.TaskControllerTest" time="0.01">
    <system-out><![CDATA[2025-07-07 00:39:39.884 DEBUG 151918 --- [           main] s.w.s.m.m.a.RequestMappingHandlerMapping : Mapped to com.taskmanager.controller.TaskController#getTaskById(Long)
2025-07-07 00:39:39.884  INFO 151918 --- [           main] c.taskmanager.controller.TaskController  : Received request to get task with ID: 999
2025-07-07 00:39:39.885 DEBUG 151918 --- [           main] o.s.w.s.m.m.a.HttpEntityMethodProcessor  : Using 'application/json', given [*/*] and supported [application/json, application/*+json, application/json, application/*+json]
2025-07-07 00:39:39.885 DEBUG 151918 --- [           main] o.s.w.s.m.m.a.HttpEntityMethodProcessor  : Nothing to write: null body
]]></system-out>
  </testcase>
  <testcase name="getAllTasks_ShouldReturnTaskList" classname="com.taskmanager.controller.TaskControllerTest" time="0.008">
    <system-out><![CDATA[2025-07-07 00:39:39.894 DEBUG 151918 --- [           main] s.w.s.m.m.a.RequestMappingHandlerMapping : Mapped to com.taskmanager.controller.TaskController#getAllTasks()
2025-07-07 00:39:39.894  INFO 151918 --- [           main] c.taskmanager.controller.TaskController  : Received request to get all tasks
2025-07-07 00:39:39.895 DEBUG 151918 --- [           main] o.s.w.s.m.m.a.HttpEntityMethodProcessor  : Using 'application/json', given [*/*] and supported [application/json, application/*+json, application/json, application/*+json]
2025-07-07 00:39:39.895 DEBUG 151918 --- [           main] o.s.w.s.m.m.a.HttpEntityMethodProcessor  : Writing [[Task{id=1, title='Test Task', description='Test Description', status=Pending, priority=Medium, crea (truncated)...]
]]></system-out>
  </testcase>
  <testcase name="getTaskById_ShouldReturnTask_WhenExists" classname="com.taskmanager.controller.TaskControllerTest" time="0.008">
    <system-out><![CDATA[2025-07-07 00:39:39.903 DEBUG 151918 --- [           main] s.w.s.m.m.a.RequestMappingHandlerMapping : Mapped to com.taskmanager.controller.TaskController#getTaskById(Long)
2025-07-07 00:39:39.904  INFO 151918 --- [           main] c.taskmanager.controller.TaskController  : Received request to get task with ID: 1
2025-07-07 00:39:39.904 DEBUG 151918 --- [           main] o.s.w.s.m.m.a.HttpEntityMethodProcessor  : Using 'application/json', given [*/*] and supported [application/json, application/*+json, application/json, application/*+json]
2025-07-07 00:39:39.905 DEBUG 151918 --- [           main] o.s.w.s.m.m.a.HttpEntityMethodProcessor  : Writing [Task{id=1, title='Test Task', description='Test Description', status=Pending, priority=Medium, creat (truncated)...]
]]></system-out>
  </testcase>
  <testcase name="updateTask_ShouldReturnUpdatedTask" classname="com.taskmanager.controller.TaskControllerTest" time="0.135">
    <system-out><![CDATA[2025-07-07 00:39:39.919 DEBUG 151918 --- [           main] s.w.s.m.m.a.RequestMappingHandlerMapping : Mapped to com.taskmanager.controller.TaskController#updateTask(Long, Task)
2025-07-07 00:39:39.962 DEBUG 151918 --- [           main] m.m.a.RequestResponseBodyMethodProcessor : Read "application/json;charset=UTF-8" to [Task{id=1, title='Test Task', description='Test Description', status=Pending, priority=Medium, creat (truncated)...]
2025-07-07 00:39:40.041  INFO 151918 --- [           main] c.taskmanager.controller.TaskController  : Received request to update task with ID: 1
2025-07-07 00:39:40.041 DEBUG 151918 --- [           main] o.s.w.s.m.m.a.HttpEntityMethodProcessor  : Using 'application/json', given [*/*] and supported [application/json, application/*+json, application/json, application/*+json]
2025-07-07 00:39:40.042 DEBUG 151918 --- [           main] o.s.w.s.m.m.a.HttpEntityMethodProcessor  : Writing [Task{id=1, title='Test Task', description='Test Description', status=Pending, priority=Medium, creat (truncated)...]
]]></system-out>
  </testcase>
  <testcase name="createTask_ShouldReturnCreatedTask" classname="com.taskmanager.controller.TaskControllerTest" time="0.011">
    <system-out><![CDATA[2025-07-07 00:39:40.052 DEBUG 151918 --- [           main] s.w.s.m.m.a.RequestMappingHandlerMapping : Mapped to com.taskmanager.controller.TaskController#createTask(Task)
2025-07-07 00:39:40.053 DEBUG 151918 --- [           main] m.m.a.RequestResponseBodyMethodProcessor : Read "application/json;charset=UTF-8" to [Task{id=1, title='Test Task', description='Test Description', status=Pending, priority=Medium, creat (truncated)...]
2025-07-07 00:39:40.054  INFO 151918 --- [           main] c.taskmanager.controller.TaskController  : Received request to create task: Test Task
2025-07-07 00:39:40.055 DEBUG 151918 --- [           main] o.s.w.s.m.m.a.HttpEntityMethodProcessor  : Using 'application/json', given [*/*] and supported [application/json, application/*+json, application/json, application/*+json]
2025-07-07 00:39:40.055 DEBUG 151918 --- [           main] o.s.w.s.m.m.a.HttpEntityMethodProcessor  : Writing [Task{id=1, title='Test Task', description='Test Description', status=Pending, priority=Medium, creat (truncated)...]
]]></system-out>
  </testcase>
</testsuite>