<?xml version="1.0" encoding="UTF-8"?>
<testsuite xmlns:xsi="http://www.w3.org/2001/XMLSchema-instance" xsi:noNamespaceSchemaLocation="https://maven.apache.org/surefire/maven-surefire-plugin/xsd/surefire-test-report-3.0.xsd" version="3.0" name="com.taskmanager.service.TaskServiceTest" time="0.21" tests="17" errors="0" skipped="0" failures="0">
  <properties>
[...]
</properties>
  <testcase name="searchTasksByDescription_ShouldReturnMatchingTasks" classname="com.taskmanager.service.TaskServiceTest" time="0.152">
    <system-out><![CDATA[2025-07-07 00:39:40.208  INFO 151918 --- [           main] com.taskmanager.service.TaskService      : Searching tasks by description keyword: description
]]></system-out>
  </testcase>
  <testcase name="markTaskAsCompleted_ShouldThrowException_WhenTaskDoesNotExist" classname="com.taskmanager.service.TaskServiceTest" time="0.004">
    <system-out><![CDATA[2025-07-07 00:39:40.226  INFO 151918 --- [           main] com.taskmanager.service.TaskService      : Marking task as completed: 999
2025-07-07 00:39:40.226 ERROR 151918 --- [           main] com.taskmanager.service.TaskService      : Task not found with ID: 999
]]></system-out>
  </testcase>
  <testcase name="getTaskById_ShouldReturnEmpty_WhenTaskDoesNotExist" classname="com.taskmanager.service.TaskServiceTest" time="0.003">
    <system-out><![CDATA[2025-07-07 00:39:40.230  INFO 151918 --- [           main] com.taskmanager.service.TaskService      : Retrieving task with ID: 999
]]></system-out>
  </testcase>
  <testcase name="updateTask_ShouldReturnUpdatedTask_WhenTaskExists" classname="com.taskmanager.service.TaskServiceTest" time="0.004">
    <system-out><![CDATA[2025-07-07 00:39:40.233  INFO 151918 --- [           main] com.taskmanager.service.TaskService      : Updating task with ID: 1
2025-07-07 00:39:40.234  INFO 151918 --- [           main] com.taskmanager.service.TaskService      : Task updated successfully: 1
]]></system-out>
  </testcase>
  <testcase name="getTasksByStatus_ShouldReturnFilteredTasks" classname="com.taskmanager.service.TaskServiceTest" time="0.004">
    <system-out><![CDATA[2025-07-07 00:39:40.237  INFO 151918 --- [           main] com.taskmanager.service.TaskService      : Retrieving tasks with status: Pending
]]></system-out>
  </testcase>
  <testcase name="getTasksByAssignedTo_ShouldReturnFilteredTasks" classname="com.taskmanager.service.TaskServiceTest" time="0.003">
    <system-out><![CDATA[2025-07-07 00:39:40.241  INFO 151918 --- [           main] com.taskmanager.service.TaskService      : Retrieving tasks assigned to: john.doe
]]></system-out>
  </testcase>
  <testcase name="deleteTask_ShouldThrowException_WhenTaskDoesNotExist" classname="com.taskmanager.service.TaskServiceTest" time="0.003">
    <system-out><![CDATA[2025-07-07 00:39:40.245  INFO 151918 --- [           main] com.taskmanager.service.TaskService      : Deleting task with ID: 999
2025-07-07 00:39:40.245 ERROR 151918 --- [           main] com.taskmanager.service.TaskService      : Task not found with ID: 999
]]></system-out>
  </testcase>
  <testcase name="getTaskStatistics_ShouldReturnCorrectCounts" classname="com.taskmanager.service.TaskServiceTest" time="0.003">
    <system-out><![CDATA[2025-07-07 00:39:40.249  INFO 151918 --- [           main] com.taskmanager.service.TaskService      : Retrieving task statistics
]]></system-out>
  </testcase>
  <testcase name="getTasksByPriority_ShouldReturnFilteredTasks" classname="com.taskmanager.service.TaskServiceTest" time="0.002">
    <system-out><![CDATA[2025-07-07 00:39:40.251  INFO 151918 --- [           main] com.taskmanager.service.TaskService      : Retrieving tasks with priority: High
]]></system-out>
  </testcase>
  <testcase name="deleteTask_ShouldDeleteTask_WhenTaskExists" classname="com.taskmanager.service.TaskServiceTest" time="0.002">
    <system-out><![CDATA[2025-07-07 00:39:40.253  INFO 151918 --- [           main] com.taskmanager.service.TaskService      : Deleting task with ID: 1
2025-07-07 00:39:40.254  INFO 151918 --- [           main] com.taskmanager.service.TaskService      : Task deleted successfully: 1
]]></system-out>
  </testcase>
  <testcase name="createTask_ShouldReturnSavedTask" classname="com.taskmanager.service.TaskServiceTest" time="0.002">
    <system-out><![CDATA[2025-07-07 00:39:40.256  INFO 151918 --- [           main] com.taskmanager.service.TaskService      : Creating new task: New Task
2025-07-07 00:39:40.256  INFO 151918 --- [           main] com.taskmanager.service.TaskService      : Task created successfully with ID: 1
]]></system-out>
  </testcase>
  <testcase name="searchTasksByTitle_ShouldReturnMatchingTasks" classname="com.taskmanager.service.TaskServiceTest" time="0.002">
    <system-out><![CDATA[2025-07-07 00:39:40.259  INFO 151918 --- [           main] com.taskmanager.service.TaskService      : Searching tasks by title keyword: test
]]></system-out>
  </testcase>
  <testcase name="updateTask_ShouldThrowException_WhenTaskDoesNotExist" classname="com.taskmanager.service.TaskServiceTest" time="0.003">
    <system-out><![CDATA[2025-07-07 00:39:40.262  INFO 151918 --- [           main] com.taskmanager.service.TaskService      : Updating task with ID: 999
2025-07-07 00:39:40.263 ERROR 151918 --- [           main] com.taskmanager.service.TaskService      : Task not found with ID: 999
]]></system-out>
  </testcase>
  <testcase name="createTask_ShouldSetDefaultValues" classname="com.taskmanager.service.TaskServiceTest" time="0.002">
    <system-out><![CDATA[2025-07-07 00:39:40.265  INFO 151918 --- [           main] com.taskmanager.service.TaskService      : Creating new task: New Task
2025-07-07 00:39:40.266  INFO 151918 --- [           main] com.taskmanager.service.TaskService      : Task created successfully with ID: 1
]]></system-out>
  </testcase>
  <testcase name="getTaskById_ShouldReturnTask_WhenTaskExists" classname="com.taskmanager.service.TaskServiceTest" time="0.002">
    <system-out><![CDATA[2025-07-07 00:39:40.268  INFO 151918 --- [           main] com.taskmanager.service.TaskService      : Retrieving task with ID: 1
]]></system-out>
  </testcase>
  <testcase name="markTaskAsCompleted_ShouldUpdateTaskStatus_WhenTaskExists" classname="com.taskmanager.service.TaskServiceTest" time="0.003">
    <system-out><![CDATA[2025-07-07 00:39:40.272  INFO 151918 --- [           main] com.taskmanager.service.TaskService      : Marking task as completed: 1
2025-07-07 00:39:40.272  INFO 151918 --- [           main] com.taskmanager.service.TaskService      : Task marked as completed: 1
]]></system-out>
  </testcase>
  <testcase name="getAllTasks_ShouldReturnListOfTasks" classname="com.taskmanager.service.TaskServiceTest" time="0.003">
    <system-out><![CDATA[2025-07-07 00:39:40.276  INFO 151918 --- [           main] com.taskmanager.service.TaskService      : Retrieving all tasks
]]></system-out>
  </testcase>
</testsuite>